<?xml version="1.0" encoding="UTF-8"?>
<!-- Generated by org.testng.reporters.JUnitXMLReporter -->
<testsuite ignored="0" hostname="srv007487" failures="1" tests="1" name="Test" time="28.323" errors="0" timestamp="31 Jan 2022 19:08:24 GMT">
  <testcase classname="Testbase.Tbase" name="policy" time="28.287">
    <failure type="org.openqa.selenium.NoSuchElementException" message="Unable to find element with locator By.name: fcUserCode
For documentation on this error, please visit: https://selenium.dev/exceptions/#no_such_element
Build info: version: &amp;apos;4.1.1&amp;apos;, revision: &amp;apos;e8fcc2cecf&amp;apos;
System info: host: &amp;apos;SRV007487&amp;apos;, ip: &amp;apos;10.12.80.243&amp;apos;, os.name: &amp;apos;Windows Server 2016&amp;apos;, os.arch: &amp;apos;amd64&amp;apos;, os.version: &amp;apos;10.0&amp;apos;, java.version: &amp;apos;17.0.1&amp;apos;
Driver info: driver.version: RemoteWebDriver">
      <![CDATA[org.openqa.selenium.NoSuchElementException: Unable to find element with locator By.name: fcUserCode
For documentation on this error, please visit: https://selenium.dev/exceptions/#no_such_element
Build info: version: '4.1.1', revision: 'e8fcc2cecf'
System info: host: 'SRV007487', ip: '10.12.80.243', os.name: 'Windows Server 2016', os.arch: 'amd64', os.version: '10.0', java.version: '17.0.1'
Driver info: driver.version: RemoteWebDriver
at org.openqa.selenium.remote.ElementLocation$ElementFinder$2.findElement(ElementLocation.java:165)
at org.openqa.selenium.remote.ElementLocation.findElement(ElementLocation.java:66)
at org.openqa.selenium.remote.RemoteWebDriver.findElement(RemoteWebDriver.java:367)
at org.openqa.selenium.remote.RemoteWebDriver.findElement(RemoteWebDriver.java:359)
at Testbase.Tbase.policy(Tbase.java:19)
... Removed 25 stack frames]]>
    </failure>
  </testcase> <!-- policy -->
</testsuite> <!-- Test -->
